tb_BubbleSort
i=0 j=1 j=2 j=3 j=4 j=5 j=6 j=7
i=1 j=1 j=2 j=3 j=4 j=5 j=6
i=2 j=1 j=2 j=3 j=4 j=5
i=3 j=1 j=2 j=3 j=4
i=4 j=1 j=2 j=3
i=5 j=1 j=2
i=6 j=1
i=7
time 17190


tb_fact
time   230, fact(0)=1
time   560, fact(1)=1
time  1150, fact(2)=2
time  2000, fact(3)=6
time  3110, fact(4)=24
time  4480, fact(5)=120
time  6110, fact(6)=720
time  8000, fact(7)=5040
time 10150, fact(8)=40320
time 12560, fact(9)=362880


tb_SimpleAdd
time 220, c=5


tb_SimpleIf
time 350, c=7


tb_SumArray
time  2000, sum 0
time  2190, sum 1
time  2380, sum 3
time  2570, sum 6
time  2760, sum 10
time  2950, sum 15
time  3140, sum 21
time  3330, sum 28
time  3520, sum 36
time  3710, sum 45



tb_Swap
time 510, a 9
time 550, b 5
time 600, a+b 14
